[INFO|main.py:55] 2017-09-20 16:02:06,252 > Use 1 GPU 1
[INFO|main.py:108] 2017-09-20 16:02:08,004 > Train data num : 9594, Test data num : 1068.
[INFO|main.py:119] 2017-09-20 16:02:08,007 > Config
[INFO|main.py:120] 2017-09-20 16:02:08,007 > Namespace(classifier_batch_size=50, classifier_class_number=2, classifier_dropout_rate=0.5, classifier_epochs=50, classifier_grad_norm_clip=3, classifier_lr=0.01, cnn_n_gram_list=[3, 4, 5], cnn_output_channel=100, cuda=True, data_dir='./data/rt-polaritydata/', embed_rand=False, embed_static=False, glove_alpha=0.75, glove_batch_size=4096, glove_context_size=5, glove_epochs=10, glove_lr=0.1, glove_process_num=1, glove_x_max=100, gpu_num=1, no_cuda=False, random_state=1505890926, seq_len=56, show_progress=True, skip_glove=True, unique_word_size=18765, word_edim=300)
[INFO|model.py:97] 2017-09-20 16:02:10,931 > Model parameters
[INFO|model.py:99] 2017-09-20 16:02:10,931 > torch.Size([18765, 300]), True
[INFO|model.py:99] 2017-09-20 16:02:10,931 > torch.Size([100, 1, 3, 300]), True
[INFO|model.py:99] 2017-09-20 16:02:10,931 > torch.Size([100]), True
[INFO|model.py:99] 2017-09-20 16:02:10,932 > torch.Size([100, 1, 4, 300]), True
[INFO|model.py:99] 2017-09-20 16:02:10,932 > torch.Size([100]), True
[INFO|model.py:99] 2017-09-20 16:02:10,932 > torch.Size([100, 1, 5, 300]), True
[INFO|model.py:99] 2017-09-20 16:02:10,932 > torch.Size([100]), True
[INFO|model.py:99] 2017-09-20 16:02:10,932 > torch.Size([2, 300]), True
[INFO|model.py:99] 2017-09-20 16:02:10,932 > torch.Size([2]), True
[INFO|model.py:108] 2017-09-20 16:02:13,650 > Train Epoch:   1 	 train_total_loss: 155.7437 	 test_total_loss: 17.4911 	 test_acc: 0.509
[INFO|model.py:108] 2017-09-20 16:02:15,283 > Train Epoch:   2 	 train_total_loss: 155.9528 	 test_total_loss: 17.5718 	 test_acc: 0.500
[INFO|model.py:108] 2017-09-20 16:02:16,914 > Train Epoch:   3 	 train_total_loss: 156.1435 	 test_total_loss: 17.5718 	 test_acc: 0.500
[INFO|model.py:108] 2017-09-20 16:02:18,550 > Train Epoch:   4 	 train_total_loss: 156.1008 	 test_total_loss: 17.5718 	 test_acc: 0.500
[INFO|model.py:108] 2017-09-20 16:02:20,185 > Train Epoch:   5 	 train_total_loss: 156.0809 	 test_total_loss: 17.5718 	 test_acc: 0.500
[INFO|model.py:108] 2017-09-20 16:02:21,823 > Train Epoch:   6 	 train_total_loss: 156.1183 	 test_total_loss: 17.5718 	 test_acc: 0.500
[INFO|model.py:108] 2017-09-20 16:02:23,456 > Train Epoch:   7 	 train_total_loss: 155.2142 	 test_total_loss: 18.1718 	 test_acc: 0.502
[INFO|model.py:108] 2017-09-20 16:02:25,087 > Train Epoch:   8 	 train_total_loss: 155.4193 	 test_total_loss: 18.1918 	 test_acc: 0.501
[INFO|model.py:108] 2017-09-20 16:02:26,726 > Train Epoch:   9 	 train_total_loss: 154.7221 	 test_total_loss: 18.0318 	 test_acc: 0.508
[INFO|model.py:108] 2017-09-20 16:02:28,354 > Train Epoch:  10 	 train_total_loss: 147.5661 	 test_total_loss: 17.1547 	 test_acc: 0.526
[INFO|model.py:108] 2017-09-20 16:02:29,980 > Train Epoch:  11 	 train_total_loss: 151.9522 	 test_total_loss: 17.9758 	 test_acc: 0.494
[INFO|model.py:108] 2017-09-20 16:02:31,610 > Train Epoch:  12 	 train_total_loss: 149.9526 	 test_total_loss: 17.4796 	 test_acc: 0.516
[INFO|model.py:108] 2017-09-20 16:02:33,239 > Train Epoch:  13 	 train_total_loss: 150.3062 	 test_total_loss: 17.2570 	 test_acc: 0.518
[INFO|model.py:108] 2017-09-20 16:02:34,864 > Train Epoch:  14 	 train_total_loss: 148.7680 	 test_total_loss: 16.9695 	 test_acc: 0.537
[INFO|model.py:108] 2017-09-20 16:02:36,518 > Train Epoch:  15 	 train_total_loss: 151.0378 	 test_total_loss: 17.3983 	 test_acc: 0.513
[INFO|model.py:108] 2017-09-20 16:02:38,152 > Train Epoch:  16 	 train_total_loss: 148.1268 	 test_total_loss: 18.0918 	 test_acc: 0.506
[INFO|model.py:108] 2017-09-20 16:02:39,784 > Train Epoch:  17 	 train_total_loss: 152.7368 	 test_total_loss: 18.1118 	 test_acc: 0.505
[INFO|model.py:108] 2017-09-20 16:02:41,417 > Train Epoch:  18 	 train_total_loss: 151.5904 	 test_total_loss: 17.5381 	 test_acc: 0.528
[INFO|model.py:108] 2017-09-20 16:02:43,044 > Train Epoch:  19 	 train_total_loss: 148.2786 	 test_total_loss: 17.3695 	 test_acc: 0.518
[INFO|model.py:108] 2017-09-20 16:02:44,672 > Train Epoch:  20 	 train_total_loss: 149.4829 	 test_total_loss: 17.3680 	 test_acc: 0.511
[INFO|model.py:108] 2017-09-20 16:02:46,313 > Train Epoch:  21 	 train_total_loss: 152.0552 	 test_total_loss: 17.1918 	 test_acc: 0.518
[INFO|model.py:108] 2017-09-20 16:02:47,947 > Train Epoch:  22 	 train_total_loss: 149.5905 	 test_total_loss: 17.3234 	 test_acc: 0.526
[INFO|model.py:108] 2017-09-20 16:02:49,587 > Train Epoch:  23 	 train_total_loss: 147.9795 	 test_total_loss: 17.6902 	 test_acc: 0.506
[INFO|model.py:108] 2017-09-20 16:02:51,215 > Train Epoch:  24 	 train_total_loss: 148.3381 	 test_total_loss: 17.3747 	 test_acc: 0.516
[INFO|model.py:108] 2017-09-20 16:02:52,854 > Train Epoch:  25 	 train_total_loss: 150.0616 	 test_total_loss: 17.3629 	 test_acc: 0.513
[INFO|model.py:108] 2017-09-20 16:02:54,512 > Train Epoch:  26 	 train_total_loss: 152.4433 	 test_total_loss: 17.4429 	 test_acc: 0.509
[INFO|model.py:108] 2017-09-20 16:02:56,143 > Train Epoch:  27 	 train_total_loss: 151.4086 	 test_total_loss: 17.4853 	 test_acc: 0.514
[INFO|model.py:108] 2017-09-20 16:02:57,775 > Train Epoch:  28 	 train_total_loss: 149.4548 	 test_total_loss: 17.4095 	 test_acc: 0.516
[INFO|model.py:108] 2017-09-20 16:02:59,403 > Train Epoch:  29 	 train_total_loss: 149.2276 	 test_total_loss: 17.2540 	 test_acc: 0.522
[INFO|model.py:108] 2017-09-20 16:03:01,037 > Train Epoch:  30 	 train_total_loss: 151.1942 	 test_total_loss: 17.3246 	 test_acc: 0.513
[INFO|model.py:108] 2017-09-20 16:03:02,671 > Train Epoch:  31 	 train_total_loss: 151.1235 	 test_total_loss: 17.3473 	 test_acc: 0.512
