[INFO|main.py:55] 2017-09-20 15:59:55,580 > Use 1 GPU 1
[INFO|main.py:108] 2017-09-20 15:59:57,452 > Train data num : 9594, Test data num : 1068.
[INFO|main.py:119] 2017-09-20 15:59:57,455 > Config
[INFO|main.py:120] 2017-09-20 15:59:57,456 > Namespace(classifier_batch_size=50, classifier_class_number=2, classifier_dropout_rate=0.5, classifier_epochs=50, classifier_grad_norm_clip=3, classifier_lr=0.01, cnn_n_gram_list=[3, 4, 5], cnn_output_channel=100, cuda=True, data_dir='./data/rt-polaritydata/', embed_rand=False, embed_static=False, glove_alpha=0.75, glove_batch_size=4096, glove_context_size=5, glove_epochs=10, glove_lr=0.1, glove_process_num=1, glove_x_max=100, gpu_num=1, no_cuda=False, random_state=1505890795, seq_len=56, show_progress=True, skip_glove=True, unique_word_size=18765, word_edim=300)
[INFO|model.py:97] 2017-09-20 16:00:00,703 > Model parameters
[INFO|model.py:99] 2017-09-20 16:00:00,703 > torch.Size([18765, 300]), True
[INFO|model.py:99] 2017-09-20 16:00:00,703 > torch.Size([100, 1, 3, 300]), True
[INFO|model.py:99] 2017-09-20 16:00:00,704 > torch.Size([100]), True
[INFO|model.py:99] 2017-09-20 16:00:00,704 > torch.Size([100, 1, 4, 300]), True
[INFO|model.py:99] 2017-09-20 16:00:00,704 > torch.Size([100]), True
[INFO|model.py:99] 2017-09-20 16:00:00,704 > torch.Size([100, 1, 5, 300]), True
[INFO|model.py:99] 2017-09-20 16:00:00,704 > torch.Size([100]), True
[INFO|model.py:99] 2017-09-20 16:00:00,704 > torch.Size([2, 300]), True
[INFO|model.py:99] 2017-09-20 16:00:00,704 > torch.Size([2]), True
[INFO|model.py:108] 2017-09-20 16:00:03,705 > Train Epoch:   1 	 train_total_loss: 156.0308 	 test_total_loss: 17.5729 	 test_acc: 0.500
[INFO|model.py:108] 2017-09-20 16:00:05,325 > Train Epoch:   2 	 train_total_loss: 155.6797 	 test_total_loss: 17.5524 	 test_acc: 0.501
[INFO|model.py:108] 2017-09-20 16:00:06,943 > Train Epoch:   3 	 train_total_loss: 155.6348 	 test_total_loss: 17.5540 	 test_acc: 0.501
[INFO|model.py:108] 2017-09-20 16:00:08,562 > Train Epoch:   4 	 train_total_loss: 155.6225 	 test_total_loss: 17.5718 	 test_acc: 0.500
[INFO|model.py:108] 2017-09-20 16:00:10,184 > Train Epoch:   5 	 train_total_loss: 155.7235 	 test_total_loss: 17.5718 	 test_acc: 0.500
[INFO|model.py:108] 2017-09-20 16:00:11,802 > Train Epoch:   6 	 train_total_loss: 155.7427 	 test_total_loss: 17.5718 	 test_acc: 0.500
[INFO|model.py:108] 2017-09-20 16:00:13,418 > Train Epoch:   7 	 train_total_loss: 155.6795 	 test_total_loss: 17.5568 	 test_acc: 0.501
[INFO|model.py:108] 2017-09-20 16:00:15,042 > Train Epoch:   8 	 train_total_loss: 155.6454 	 test_total_loss: 17.5568 	 test_acc: 0.501
[INFO|model.py:108] 2017-09-20 16:00:16,659 > Train Epoch:   9 	 train_total_loss: 155.0145 	 test_total_loss: 18.2118 	 test_acc: 0.500
[INFO|model.py:108] 2017-09-20 16:00:18,278 > Train Epoch:  10 	 train_total_loss: 156.1490 	 test_total_loss: 18.2118 	 test_acc: 0.500
[INFO|model.py:108] 2017-09-20 16:00:19,895 > Train Epoch:  11 	 train_total_loss: 156.1353 	 test_total_loss: 18.2118 	 test_acc: 0.500
[INFO|model.py:108] 2017-09-20 16:00:21,512 > Train Epoch:  12 	 train_total_loss: 156.1408 	 test_total_loss: 18.2118 	 test_acc: 0.500
[INFO|model.py:108] 2017-09-20 16:00:23,130 > Train Epoch:  13 	 train_total_loss: 156.1545 	 test_total_loss: 18.2118 	 test_acc: 0.500
[INFO|model.py:108] 2017-09-20 16:00:24,755 > Train Epoch:  14 	 train_total_loss: 156.1381 	 test_total_loss: 18.2118 	 test_acc: 0.500
[INFO|model.py:108] 2017-09-20 16:00:26,380 > Train Epoch:  15 	 train_total_loss: 156.1381 	 test_total_loss: 18.2118 	 test_acc: 0.500
[INFO|model.py:108] 2017-09-20 16:00:28,003 > Train Epoch:  16 	 train_total_loss: 156.1517 	 test_total_loss: 18.2118 	 test_acc: 0.500
[INFO|model.py:108] 2017-09-20 16:00:29,621 > Train Epoch:  17 	 train_total_loss: 156.1409 	 test_total_loss: 18.2118 	 test_acc: 0.500
[INFO|model.py:108] 2017-09-20 16:00:31,243 > Train Epoch:  18 	 train_total_loss: 156.1518 	 test_total_loss: 18.2118 	 test_acc: 0.500
[INFO|model.py:108] 2017-09-20 16:00:32,872 > Train Epoch:  19 	 train_total_loss: 156.1463 	 test_total_loss: 18.2118 	 test_acc: 0.500
[INFO|model.py:108] 2017-09-20 16:00:34,493 > Train Epoch:  20 	 train_total_loss: 156.1381 	 test_total_loss: 18.2118 	 test_acc: 0.500
[INFO|model.py:108] 2017-09-20 16:00:36,116 > Train Epoch:  21 	 train_total_loss: 156.1300 	 test_total_loss: 18.2118 	 test_acc: 0.500
[INFO|model.py:108] 2017-09-20 16:00:37,742 > Train Epoch:  22 	 train_total_loss: 156.1354 	 test_total_loss: 18.2118 	 test_acc: 0.500
[INFO|model.py:108] 2017-09-20 16:00:39,359 > Train Epoch:  23 	 train_total_loss: 156.1544 	 test_total_loss: 18.2118 	 test_acc: 0.500
[INFO|model.py:108] 2017-09-20 16:00:40,981 > Train Epoch:  24 	 train_total_loss: 156.1599 	 test_total_loss: 18.2118 	 test_acc: 0.500
[INFO|model.py:108] 2017-09-20 16:00:42,610 > Train Epoch:  25 	 train_total_loss: 156.1544 	 test_total_loss: 18.2118 	 test_acc: 0.500
[INFO|model.py:108] 2017-09-20 16:00:44,235 > Train Epoch:  26 	 train_total_loss: 156.1299 	 test_total_loss: 18.2118 	 test_acc: 0.500
[INFO|model.py:108] 2017-09-20 16:00:45,864 > Train Epoch:  27 	 train_total_loss: 156.1490 	 test_total_loss: 18.2118 	 test_acc: 0.500
[INFO|model.py:108] 2017-09-20 16:00:47,495 > Train Epoch:  28 	 train_total_loss: 156.1436 	 test_total_loss: 18.2118 	 test_acc: 0.500
[INFO|model.py:108] 2017-09-20 16:00:49,126 > Train Epoch:  29 	 train_total_loss: 156.1518 	 test_total_loss: 18.2118 	 test_acc: 0.500
[INFO|model.py:108] 2017-09-20 16:00:50,755 > Train Epoch:  30 	 train_total_loss: 156.1573 	 test_total_loss: 18.2118 	 test_acc: 0.500
[INFO|model.py:108] 2017-09-20 16:00:52,387 > Train Epoch:  31 	 train_total_loss: 156.1517 	 test_total_loss: 18.2118 	 test_acc: 0.500
