[INFO|main.py:58] 2017-09-20 16:10:24,397 > Use 1 GPU 1
[INFO|main.py:111] 2017-09-20 16:10:26,253 > Train data num : 9594, Test data num : 1068.
[INFO|main.py:122] 2017-09-20 16:10:26,256 > Config
[INFO|main.py:123] 2017-09-20 16:10:26,257 > Namespace(classifier_batch_size=50, classifier_class_number=2, classifier_dropout_rate=0.5, classifier_epochs=50, classifier_grad_norm_clip=3, classifier_lr=0.01, cnn_n_gram_list=[3, 4, 5], cnn_output_channel=100, cuda=True, data_dir='./data/rt-polaritydata/', embed_normalize=True, embed_pad_zero=True, embed_rand=False, embed_static=False, glove_alpha=0.75, glove_batch_size=4096, glove_context_size=5, glove_epochs=10, glove_lr=0.1, glove_process_num=1, glove_x_max=100, gpu_num=1, no_cuda=False, random_state=1505891424, seq_len=56, show_progress=True, skip_glove=True, unique_word_size=18765, word_edim=300)
[INFO|model.py:97] 2017-09-20 16:10:29,276 > Model parameters
[INFO|model.py:99] 2017-09-20 16:10:29,276 > torch.Size([18765, 300]), True
[INFO|model.py:99] 2017-09-20 16:10:29,276 > torch.Size([100, 1, 3, 300]), True
[INFO|model.py:99] 2017-09-20 16:10:29,276 > torch.Size([100]), True
[INFO|model.py:99] 2017-09-20 16:10:29,276 > torch.Size([100, 1, 4, 300]), True
[INFO|model.py:99] 2017-09-20 16:10:29,277 > torch.Size([100]), True
[INFO|model.py:99] 2017-09-20 16:10:29,277 > torch.Size([100, 1, 5, 300]), True
[INFO|model.py:99] 2017-09-20 16:10:29,277 > torch.Size([100]), True
[INFO|model.py:99] 2017-09-20 16:10:29,277 > torch.Size([2, 300]), True
[INFO|model.py:99] 2017-09-20 16:10:29,277 > torch.Size([2]), True
[INFO|model.py:108] 2017-09-20 16:10:32,240 > Train Epoch:   1 	 train_total_loss: 129.5954 	 test_total_loss: 14.1042 	 test_acc: 0.668
[INFO|model.py:108] 2017-09-20 16:10:33,858 > Train Epoch:   2 	 train_total_loss: 125.6940 	 test_total_loss: 14.6292 	 test_acc: 0.647
[INFO|model.py:108] 2017-09-20 16:10:35,474 > Train Epoch:   3 	 train_total_loss: 127.2938 	 test_total_loss: 14.6720 	 test_acc: 0.638
[INFO|model.py:108] 2017-09-20 16:10:37,094 > Train Epoch:   4 	 train_total_loss: 130.4837 	 test_total_loss: 15.0844 	 test_acc: 0.625
[INFO|model.py:108] 2017-09-20 16:10:38,719 > Train Epoch:   5 	 train_total_loss: 133.6222 	 test_total_loss: 15.6931 	 test_acc: 0.587
[INFO|model.py:108] 2017-09-20 16:10:40,336 > Train Epoch:   6 	 train_total_loss: 133.3937 	 test_total_loss: 15.6931 	 test_acc: 0.590
[INFO|model.py:108] 2017-09-20 16:10:41,955 > Train Epoch:   7 	 train_total_loss: 140.0799 	 test_total_loss: 14.8576 	 test_acc: 0.632
[INFO|model.py:108] 2017-09-20 16:10:43,579 > Train Epoch:   8 	 train_total_loss: 139.4196 	 test_total_loss: 16.4318 	 test_acc: 0.553
[INFO|model.py:108] 2017-09-20 16:10:45,199 > Train Epoch:   9 	 train_total_loss: 142.8865 	 test_total_loss: 16.1877 	 test_acc: 0.566
[INFO|model.py:108] 2017-09-20 16:10:46,819 > Train Epoch:  10 	 train_total_loss: 140.0515 	 test_total_loss: 15.4625 	 test_acc: 0.606
[INFO|model.py:108] 2017-09-20 16:10:48,442 > Train Epoch:  11 	 train_total_loss: 142.2101 	 test_total_loss: 16.2693 	 test_acc: 0.561
[INFO|model.py:108] 2017-09-20 16:10:50,066 > Train Epoch:  12 	 train_total_loss: 145.0703 	 test_total_loss: 16.1318 	 test_acc: 0.567
[INFO|model.py:108] 2017-09-20 16:10:51,688 > Train Epoch:  13 	 train_total_loss: 144.4585 	 test_total_loss: 16.1518 	 test_acc: 0.566
[INFO|model.py:108] 2017-09-20 16:10:53,312 > Train Epoch:  14 	 train_total_loss: 141.9094 	 test_total_loss: 16.0705 	 test_acc: 0.570
[INFO|model.py:108] 2017-09-20 16:10:54,936 > Train Epoch:  15 	 train_total_loss: 146.0159 	 test_total_loss: 17.5007 	 test_acc: 0.530
[INFO|model.py:108] 2017-09-20 16:10:56,560 > Train Epoch:  16 	 train_total_loss: 148.2388 	 test_total_loss: 16.9540 	 test_acc: 0.551
[INFO|model.py:108] 2017-09-20 16:10:58,182 > Train Epoch:  17 	 train_total_loss: 140.8666 	 test_total_loss: 14.6371 	 test_acc: 0.653
[INFO|model.py:108] 2017-09-20 16:10:59,809 > Train Epoch:  18 	 train_total_loss: 143.7117 	 test_total_loss: 17.3504 	 test_acc: 0.534
[INFO|model.py:108] 2017-09-20 16:11:01,435 > Train Epoch:  19 	 train_total_loss: 148.1161 	 test_total_loss: 17.6801 	 test_acc: 0.522
[INFO|model.py:108] 2017-09-20 16:11:03,059 > Train Epoch:  20 	 train_total_loss: 148.7039 	 test_total_loss: 17.5451 	 test_acc: 0.526
[INFO|model.py:108] 2017-09-20 16:11:04,686 > Train Epoch:  21 	 train_total_loss: 148.2217 	 test_total_loss: 17.5451 	 test_acc: 0.526
[INFO|model.py:108] 2017-09-20 16:11:06,313 > Train Epoch:  22 	 train_total_loss: 147.5553 	 test_total_loss: 17.1708 	 test_acc: 0.540
[INFO|model.py:108] 2017-09-20 16:11:07,979 > Train Epoch:  23 	 train_total_loss: 145.7180 	 test_total_loss: 17.0740 	 test_acc: 0.545
[INFO|model.py:108] 2017-09-20 16:11:09,611 > Train Epoch:  24 	 train_total_loss: 146.7566 	 test_total_loss: 17.5854 	 test_acc: 0.524
[INFO|model.py:108] 2017-09-20 16:11:11,240 > Train Epoch:  25 	 train_total_loss: 148.4982 	 test_total_loss: 17.5251 	 test_acc: 0.527
[INFO|model.py:108] 2017-09-20 16:11:12,869 > Train Epoch:  26 	 train_total_loss: 149.7632 	 test_total_loss: 17.5695 	 test_acc: 0.523
[INFO|model.py:108] 2017-09-20 16:11:14,495 > Train Epoch:  27 	 train_total_loss: 148.2611 	 test_total_loss: 17.2340 	 test_acc: 0.537
[INFO|model.py:108] 2017-09-20 16:11:16,126 > Train Epoch:  28 	 train_total_loss: 146.7003 	 test_total_loss: 17.4095 	 test_acc: 0.531
[INFO|model.py:108] 2017-09-20 16:11:17,756 > Train Epoch:  29 	 train_total_loss: 149.9837 	 test_total_loss: 17.5695 	 test_acc: 0.523
[INFO|model.py:108] 2017-09-20 16:11:19,382 > Train Epoch:  30 	 train_total_loss: 149.9890 	 test_total_loss: 17.4895 	 test_acc: 0.527
[INFO|model.py:108] 2017-09-20 16:11:21,010 > Train Epoch:  31 	 train_total_loss: 146.9802 	 test_total_loss: 17.5251 	 test_acc: 0.527
[INFO|model.py:108] 2017-09-20 16:11:22,640 > Train Epoch:  32 	 train_total_loss: 148.6099 	 test_total_loss: 17.5251 	 test_acc: 0.527
[INFO|model.py:108] 2017-09-20 16:11:24,267 > Train Epoch:  33 	 train_total_loss: 147.2348 	 test_total_loss: 16.2984 	 test_acc: 0.580
[INFO|model.py:108] 2017-09-20 16:11:25,898 > Train Epoch:  34 	 train_total_loss: 141.2849 	 test_total_loss: 16.2229 	 test_acc: 0.581
[INFO|model.py:108] 2017-09-20 16:11:27,529 > Train Epoch:  35 	 train_total_loss: 135.9100 	 test_total_loss: 15.9425 	 test_acc: 0.580
[INFO|model.py:108] 2017-09-20 16:11:29,155 > Train Epoch:  36 	 train_total_loss: 148.9566 	 test_total_loss: 16.3518 	 test_acc: 0.557
[INFO|model.py:108] 2017-09-20 16:11:30,785 > Train Epoch:  37 	 train_total_loss: 136.2457 	 test_total_loss: 15.2140 	 test_acc: 0.617
[INFO|model.py:108] 2017-09-20 16:11:32,421 > Train Epoch:  38 	 train_total_loss: 138.3573 	 test_total_loss: 17.3006 	 test_acc: 0.539
[INFO|model.py:108] 2017-09-20 16:11:34,052 > Train Epoch:  39 	 train_total_loss: 140.7206 	 test_total_loss: 16.2918 	 test_acc: 0.575
