[INFO|main.py:58] 2017-09-20 16:19:45,930 > Use 1 GPU 1
[INFO|main.py:111] 2017-09-20 16:19:47,728 > Train data num : 9594, Test data num : 1068.
[INFO|main.py:122] 2017-09-20 16:19:47,731 > Config
[INFO|main.py:123] 2017-09-20 16:19:47,731 > Namespace(classifier_batch_size=50, classifier_class_number=2, classifier_dropout_rate=0.5, classifier_epochs=50, classifier_grad_norm_clip=3, classifier_lr=0.01, cnn_n_gram_list=[3, 4, 5], cnn_output_channel=100, cuda=True, data_dir='./data/rt-polaritydata/', embed_normalize=True, embed_pad_zero=True, embed_rand=False, embed_static=True, glove_alpha=0.75, glove_batch_size=4096, glove_context_size=5, glove_epochs=10, glove_lr=0.1, glove_process_num=1, glove_x_max=100, gpu_num=1, no_cuda=False, random_state=1505891985, seq_len=56, show_progress=True, skip_glove=True, unique_word_size=18765, word_edim=300)
[INFO|model.py:97] 2017-09-20 16:19:50,848 > Model parameters
[INFO|model.py:99] 2017-09-20 16:19:50,848 > torch.Size([18765, 300]), False
[INFO|model.py:99] 2017-09-20 16:19:50,848 > torch.Size([100, 1, 3, 300]), True
[INFO|model.py:99] 2017-09-20 16:19:50,848 > torch.Size([100]), True
[INFO|model.py:99] 2017-09-20 16:19:50,848 > torch.Size([100, 1, 4, 300]), True
[INFO|model.py:99] 2017-09-20 16:19:50,848 > torch.Size([100]), True
[INFO|model.py:99] 2017-09-20 16:19:50,849 > torch.Size([100, 1, 5, 300]), True
[INFO|model.py:99] 2017-09-20 16:19:50,849 > torch.Size([100]), True
[INFO|model.py:99] 2017-09-20 16:19:50,849 > torch.Size([2, 300]), True
[INFO|model.py:99] 2017-09-20 16:19:50,849 > torch.Size([2]), True
[INFO|model.py:113] 2017-09-20 16:19:53,116 > Train Epoch:   1 	 train_total_loss: 126.1259 	 test_total_loss: 12.9698 	 test_acc: 0.729
[INFO|model.py:113] 2017-09-20 16:19:54,187 > Train Epoch:   2 	 train_total_loss: 112.8918 	 test_total_loss: 12.2304 	 test_acc: 0.746
[INFO|model.py:113] 2017-09-20 16:19:55,259 > Train Epoch:   3 	 train_total_loss: 106.0570 	 test_total_loss: 11.9155 	 test_acc: 0.759
[INFO|model.py:113] 2017-09-20 16:19:56,326 > Train Epoch:   4 	 train_total_loss: 102.6401 	 test_total_loss: 11.9865 	 test_acc: 0.751
[INFO|model.py:113] 2017-09-20 16:19:57,397 > Train Epoch:   5 	 train_total_loss: 99.7905 	 test_total_loss: 12.0445 	 test_acc: 0.749
[INFO|model.py:113] 2017-09-20 16:19:58,457 > Train Epoch:   6 	 train_total_loss: 95.7763 	 test_total_loss: 11.9201 	 test_acc: 0.748
[INFO|model.py:113] 2017-09-20 16:19:59,529 > Train Epoch:   7 	 train_total_loss: 93.6871 	 test_total_loss: 11.8618 	 test_acc: 0.756
[INFO|model.py:113] 2017-09-20 16:20:00,593 > Train Epoch:   8 	 train_total_loss: 91.0085 	 test_total_loss: 11.7182 	 test_acc: 0.757
[INFO|model.py:113] 2017-09-20 16:20:01,671 > Train Epoch:   9 	 train_total_loss: 88.8924 	 test_total_loss: 11.9504 	 test_acc: 0.759
[INFO|model.py:113] 2017-09-20 16:20:02,738 > Train Epoch:  10 	 train_total_loss: 87.2187 	 test_total_loss: 11.7569 	 test_acc: 0.766
[INFO|model.py:113] 2017-09-20 16:20:03,802 > Train Epoch:  11 	 train_total_loss: 86.3825 	 test_total_loss: 11.9210 	 test_acc: 0.752
[INFO|model.py:113] 2017-09-20 16:20:04,870 > Train Epoch:  12 	 train_total_loss: 83.5494 	 test_total_loss: 12.2415 	 test_acc: 0.741
[INFO|model.py:113] 2017-09-20 16:20:05,938 > Train Epoch:  13 	 train_total_loss: 81.7646 	 test_total_loss: 11.8194 	 test_acc: 0.757
[INFO|model.py:113] 2017-09-20 16:20:07,007 > Train Epoch:  14 	 train_total_loss: 81.0895 	 test_total_loss: 12.0355 	 test_acc: 0.746
[INFO|model.py:113] 2017-09-20 16:20:08,076 > Train Epoch:  15 	 train_total_loss: 79.7509 	 test_total_loss: 11.9643 	 test_acc: 0.750
[INFO|model.py:113] 2017-09-20 16:20:09,145 > Train Epoch:  16 	 train_total_loss: 78.5305 	 test_total_loss: 11.9703 	 test_acc: 0.751
[INFO|model.py:113] 2017-09-20 16:20:10,210 > Train Epoch:  17 	 train_total_loss: 77.6627 	 test_total_loss: 11.8515 	 test_acc: 0.762
[INFO|model.py:113] 2017-09-20 16:20:11,282 > Train Epoch:  18 	 train_total_loss: 77.1489 	 test_total_loss: 11.8400 	 test_acc: 0.757
[INFO|model.py:113] 2017-09-20 16:20:12,348 > Train Epoch:  19 	 train_total_loss: 76.2925 	 test_total_loss: 12.0041 	 test_acc: 0.753
[INFO|model.py:113] 2017-09-20 16:20:13,418 > Train Epoch:  20 	 train_total_loss: 75.3236 	 test_total_loss: 11.9451 	 test_acc: 0.750
[INFO|model.py:113] 2017-09-20 16:20:14,484 > Train Epoch:  21 	 train_total_loss: 74.7468 	 test_total_loss: 11.9240 	 test_acc: 0.764
[INFO|model.py:113] 2017-09-20 16:20:15,548 > Train Epoch:  22 	 train_total_loss: 74.4465 	 test_total_loss: 11.8999 	 test_acc: 0.758
[INFO|model.py:113] 2017-09-20 16:20:16,612 > Train Epoch:  23 	 train_total_loss: 74.2216 	 test_total_loss: 11.9020 	 test_acc: 0.759
[INFO|model.py:113] 2017-09-20 16:20:17,672 > Train Epoch:  24 	 train_total_loss: 73.0169 	 test_total_loss: 11.9945 	 test_acc: 0.764
[INFO|model.py:113] 2017-09-20 16:20:18,740 > Train Epoch:  25 	 train_total_loss: 72.8266 	 test_total_loss: 11.9789 	 test_acc: 0.751
[INFO|model.py:113] 2017-09-20 16:20:19,805 > Train Epoch:  26 	 train_total_loss: 73.1776 	 test_total_loss: 12.2154 	 test_acc: 0.746
[INFO|model.py:113] 2017-09-20 16:20:20,869 > Train Epoch:  27 	 train_total_loss: 71.8571 	 test_total_loss: 12.0234 	 test_acc: 0.748
[INFO|model.py:113] 2017-09-20 16:20:21,932 > Train Epoch:  28 	 train_total_loss: 71.9304 	 test_total_loss: 11.8177 	 test_acc: 0.758
[INFO|model.py:113] 2017-09-20 16:20:23,009 > Train Epoch:  29 	 train_total_loss: 71.2149 	 test_total_loss: 11.9898 	 test_acc: 0.753
[INFO|model.py:113] 2017-09-20 16:20:24,070 > Train Epoch:  30 	 train_total_loss: 71.2936 	 test_total_loss: 12.1305 	 test_acc: 0.745
[INFO|model.py:113] 2017-09-20 16:20:25,141 > Train Epoch:  31 	 train_total_loss: 71.5632 	 test_total_loss: 12.0543 	 test_acc: 0.758
[INFO|model.py:113] 2017-09-20 16:20:26,215 > Train Epoch:  32 	 train_total_loss: 71.4950 	 test_total_loss: 11.8739 	 test_acc: 0.759
[INFO|model.py:113] 2017-09-20 16:20:27,282 > Train Epoch:  33 	 train_total_loss: 70.5376 	 test_total_loss: 12.3880 	 test_acc: 0.739
[INFO|model.py:113] 2017-09-20 16:20:28,350 > Train Epoch:  34 	 train_total_loss: 71.2562 	 test_total_loss: 11.9260 	 test_acc: 0.758
[INFO|model.py:113] 2017-09-20 16:20:29,410 > Train Epoch:  35 	 train_total_loss: 70.7648 	 test_total_loss: 11.9678 	 test_acc: 0.756
[INFO|model.py:113] 2017-09-20 16:20:30,474 > Train Epoch:  36 	 train_total_loss: 70.2671 	 test_total_loss: 12.0088 	 test_acc: 0.756
[INFO|model.py:113] 2017-09-20 16:20:31,537 > Train Epoch:  37 	 train_total_loss: 69.9975 	 test_total_loss: 11.8152 	 test_acc: 0.763
[INFO|model.py:113] 2017-09-20 16:20:32,607 > Train Epoch:  38 	 train_total_loss: 70.0249 	 test_total_loss: 12.0045 	 test_acc: 0.761
[INFO|model.py:113] 2017-09-20 16:20:33,682 > Train Epoch:  39 	 train_total_loss: 69.0569 	 test_total_loss: 11.8583 	 test_acc: 0.763
[INFO|model.py:113] 2017-09-20 16:20:34,747 > Train Epoch:  40 	 train_total_loss: 70.0136 	 test_total_loss: 12.2157 	 test_acc: 0.748
[INFO|model.py:113] 2017-09-20 16:20:35,814 > Train Epoch:  41 	 train_total_loss: 69.4493 	 test_total_loss: 12.1149 	 test_acc: 0.747
[INFO|model.py:113] 2017-09-20 16:20:36,876 > Train Epoch:  42 	 train_total_loss: 69.6075 	 test_total_loss: 11.9976 	 test_acc: 0.757
[INFO|model.py:113] 2017-09-20 16:20:37,944 > Train Epoch:  43 	 train_total_loss: 69.0109 	 test_total_loss: 12.1391 	 test_acc: 0.746
[INFO|model.py:113] 2017-09-20 16:20:39,006 > Train Epoch:  44 	 train_total_loss: 69.1152 	 test_total_loss: 12.2713 	 test_acc: 0.745
[INFO|model.py:113] 2017-09-20 16:20:40,074 > Train Epoch:  45 	 train_total_loss: 68.0458 	 test_total_loss: 11.7904 	 test_acc: 0.764
[INFO|model.py:113] 2017-09-20 16:20:41,140 > Train Epoch:  46 	 train_total_loss: 68.5564 	 test_total_loss: 11.8525 	 test_acc: 0.764
[INFO|model.py:113] 2017-09-20 16:20:42,210 > Train Epoch:  47 	 train_total_loss: 68.4165 	 test_total_loss: 11.8201 	 test_acc: 0.770
[INFO|model.py:113] 2017-09-20 16:20:43,274 > Train Epoch:  48 	 train_total_loss: 69.0578 	 test_total_loss: 11.9998 	 test_acc: 0.760
[INFO|model.py:113] 2017-09-20 16:20:44,339 > Train Epoch:  49 	 train_total_loss: 67.5635 	 test_total_loss: 12.0279 	 test_acc: 0.757
[INFO|model.py:113] 2017-09-20 16:20:45,412 > Train Epoch:  50 	 train_total_loss: 68.6319 	 test_total_loss: 11.9822 	 test_acc: 0.755
